<?xml version="1.0" encoding="UTF-8"?>
<!-- Generated by org.testng.reporters.JUnitXMLReporter -->
<testsuite ignored="1" hostname="Birendra-lap" failures="0" tests="9" name="Test" time="45.289" errors="0" timestamp="2021-01-03T17:15:13 IST">
  <testcase classname="com.qa.test.LoginTests" name="invalidUserName" time="3.093"/>
  <testcase classname="com.qa.test.LoginTests" name="invalidPassword" time="3.029"/>
  <testcase classname="com.qa.test.LoginTests" name="userLogin" time="3.198"/>
  <testcase classname="com.qa.test.CreateProductsTests" name="checkProductLink" time="0.754"/>
  <testcase classname="com.qa.test.CreateProductsTests" name="checkCreateLink" time="0.169"/>
  <testcase classname="com.qa.test.CreateProductsTests" name="createNewProduct" time="5.44"/>
  <testcase classname="com.qa.test.CreateProductsTests" name="createNewProduct" time="5.51"/>
  <testcase classname="com.qa.test.CreateProductsTests" name="updateProduct" time="6.487"/>
  <testcase classname="com.qa.test.CreateProductsTests" name="deleteProducts" time="4.882"/>
  <testcase classname="com.tech.BaseTest" name="@BeforeTest setUp" time="0.0">
    <ignored/>
  </testcase> <!-- @BeforeTest setUp -->
</testsuite> <!-- Test -->
