<?xml version="1.0" encoding="UTF-8"?>
<testng-results ignored="1" total="10" passed="9" failed="0" skipped="0">
  <reporter-output>
  </reporter-output>
  <suite started-at="2021-01-03T17:14:28 IST" name="Suite" finished-at="2021-01-03T17:15:13 IST" duration-ms="45289">
    <groups>
    </groups>
    <test started-at="2021-01-03T17:14:28 IST" name="Test" finished-at="2021-01-03T17:15:13 IST" duration-ms="45289">
      <class name="com.qa.test.CreateProductsTests">
        <test-method is-config="true" signature="beforeMethod()[pri:0, instance:com.qa.test.CreateProductsTests@1de76cc7]" started-at="2021-01-03T17:14:50 IST" name="beforeMethod" finished-at="2021-01-03T17:14:50 IST" duration-ms="32" status="PASS">
          <reporter-output>
          </reporter-output>
        </test-method> <!-- beforeMethod -->
        <test-method signature="checkProductLink()[pri:0, instance:com.qa.test.CreateProductsTests@1de76cc7]" started-at="2021-01-03T17:14:50 IST" name="checkProductLink" finished-at="2021-01-03T17:14:51 IST" duration-ms="754" status="PASS">
          <reporter-output>
          </reporter-output>
        </test-method> <!-- checkProductLink -->
        <test-method is-config="true" signature="beforeMethod()[pri:0, instance:com.qa.test.CreateProductsTests@1de76cc7]" started-at="2021-01-03T17:14:51 IST" name="beforeMethod" finished-at="2021-01-03T17:14:51 IST" duration-ms="3" status="PASS">
          <reporter-output>
          </reporter-output>
        </test-method> <!-- beforeMethod -->
        <test-method signature="checkCreateLink()[pri:1, instance:com.qa.test.CreateProductsTests@1de76cc7]" started-at="2021-01-03T17:14:51 IST" name="checkCreateLink" finished-at="2021-01-03T17:14:51 IST" duration-ms="169" status="PASS">
          <reporter-output>
          </reporter-output>
        </test-method> <!-- checkCreateLink -->
        <test-method is-config="true" signature="beforeMethod()[pri:0, instance:com.qa.test.CreateProductsTests@1de76cc7]" started-at="2021-01-03T17:14:51 IST" name="beforeMethod" finished-at="2021-01-03T17:14:51 IST" duration-ms="4" status="PASS">
          <reporter-output>
          </reporter-output>
        </test-method> <!-- beforeMethod -->
        <test-method signature="createNewProduct(java.lang.String, java.lang.String, java.lang.String)[pri:2, instance:com.qa.test.CreateProductsTests@1de76cc7]" started-at="2021-01-03T17:14:51 IST" name="createNewProduct" data-provider="dp" finished-at="2021-01-03T17:14:56 IST" duration-ms="5440" status="PASS">
          <params>
            <param index="0">
              <value>
                <![CDATA[mobile1]]>
              </value>
            </param>
            <param index="1">
              <value>
                <![CDATA[Mob120201]]>
              </value>
            </param>
            <param index="2">
              <value>
                <![CDATA[Best camera, slim, sleak & stylish in design]]>
              </value>
            </param>
          </params>
          <reporter-output>
          </reporter-output>
        </test-method> <!-- createNewProduct -->
        <test-method is-config="true" signature="beforeMethod()[pri:0, instance:com.qa.test.CreateProductsTests@1de76cc7]" started-at="2021-01-03T17:14:56 IST" name="beforeMethod" finished-at="2021-01-03T17:14:56 IST" duration-ms="3" status="PASS">
          <reporter-output>
          </reporter-output>
        </test-method> <!-- beforeMethod -->
        <test-method signature="createNewProduct(java.lang.String, java.lang.String, java.lang.String)[pri:2, instance:com.qa.test.CreateProductsTests@1de76cc7]" started-at="2021-01-03T17:14:56 IST" name="createNewProduct" data-provider="dp" finished-at="2021-01-03T17:15:02 IST" duration-ms="5510" status="PASS">
          <params>
            <param index="0">
              <value>
                <![CDATA[mobile2]]>
              </value>
            </param>
            <param index="1">
              <value>
                <![CDATA[Mob120202]]>
              </value>
            </param>
            <param index="2">
              <value>
                <![CDATA[Affordable prices]]>
              </value>
            </param>
          </params>
          <reporter-output>
          </reporter-output>
        </test-method> <!-- createNewProduct -->
        <test-method is-config="true" signature="beforeMethod()[pri:0, instance:com.qa.test.CreateProductsTests@1de76cc7]" started-at="2021-01-03T17:15:02 IST" name="beforeMethod" finished-at="2021-01-03T17:15:02 IST" duration-ms="3" status="PASS">
          <reporter-output>
          </reporter-output>
        </test-method> <!-- beforeMethod -->
        <test-method signature="updateProduct(java.lang.String, java.lang.String, java.lang.String)[pri:3, instance:com.qa.test.CreateProductsTests@1de76cc7]" started-at="2021-01-03T17:15:02 IST" name="updateProduct" data-provider="dp1" finished-at="2021-01-03T17:15:08 IST" duration-ms="6487" status="PASS">
          <params>
            <param index="0">
              <value>
                <![CDATA[mobile3]]>
              </value>
            </param>
            <param index="1">
              <value>
                <![CDATA[Mob120223]]>
              </value>
            </param>
            <param index="2">
              <value>
                <![CDATA[Best camera, slim, sleak & stylish in design]]>
              </value>
            </param>
          </params>
          <reporter-output>
          </reporter-output>
        </test-method> <!-- updateProduct -->
        <test-method is-config="true" signature="beforeMethod()[pri:0, instance:com.qa.test.CreateProductsTests@1de76cc7]" started-at="2021-01-03T17:15:08 IST" name="beforeMethod" finished-at="2021-01-03T17:15:08 IST" duration-ms="5" status="PASS">
          <reporter-output>
          </reporter-output>
        </test-method> <!-- beforeMethod -->
        <test-method signature="deleteProducts()[pri:4, instance:com.qa.test.CreateProductsTests@1de76cc7]" started-at="2021-01-03T17:15:08 IST" name="deleteProducts" finished-at="2021-01-03T17:15:13 IST" duration-ms="4882" status="PASS">
          <reporter-output>
          </reporter-output>
        </test-method> <!-- deleteProducts -->
      </class> <!-- com.qa.test.CreateProductsTests -->
      <class name="com.qa.test.LoginTests">
        <test-method is-config="true" signature="setUp(java.lang.String, java.lang.String, java.lang.String)[pri:0, instance:com.qa.test.LoginTests@485966cc]" started-at="2021-01-03T17:14:28 IST" name="setUp" finished-at="2021-01-03T17:14:40 IST" duration-ms="12423" status="PASS">
          <params>
            <param index="0">
              <value>
                <![CDATA[Android]]>
              </value>
            </param>
            <param index="1">
              <value>
                <![CDATA[11]]>
              </value>
            </param>
            <param index="2">
              <value>
                <![CDATA[Chrome]]>
              </value>
            </param>
          </params>
          <reporter-output>
          </reporter-output>
        </test-method> <!-- setUp -->
        <test-method is-config="true" signature="beforeMethod()[pri:0, instance:com.qa.test.LoginTests@485966cc]" started-at="2021-01-03T17:14:40 IST" name="beforeMethod" finished-at="2021-01-03T17:14:41 IST" duration-ms="184" status="PASS">
          <reporter-output>
          </reporter-output>
        </test-method> <!-- beforeMethod -->
        <test-method signature="invalidUserName()[pri:0, instance:com.qa.test.LoginTests@485966cc]" started-at="2021-01-03T17:14:41 IST" name="invalidUserName" finished-at="2021-01-03T17:14:44 IST" duration-ms="3093" status="PASS">
          <reporter-output>
          </reporter-output>
        </test-method> <!-- invalidUserName -->
        <test-method is-config="true" signature="beforeMethod()[pri:0, instance:com.qa.test.LoginTests@485966cc]" started-at="2021-01-03T17:14:44 IST" name="beforeMethod" finished-at="2021-01-03T17:14:44 IST" duration-ms="2" status="PASS">
          <reporter-output>
          </reporter-output>
        </test-method> <!-- beforeMethod -->
        <test-method signature="invalidPassword()[pri:1, instance:com.qa.test.LoginTests@485966cc]" started-at="2021-01-03T17:14:44 IST" name="invalidPassword" finished-at="2021-01-03T17:14:47 IST" duration-ms="3029" status="PASS">
          <reporter-output>
          </reporter-output>
        </test-method> <!-- invalidPassword -->
        <test-method is-config="true" signature="beforeMethod()[pri:0, instance:com.qa.test.LoginTests@485966cc]" started-at="2021-01-03T17:14:47 IST" name="beforeMethod" finished-at="2021-01-03T17:14:47 IST" duration-ms="1" status="PASS">
          <reporter-output>
          </reporter-output>
        </test-method> <!-- beforeMethod -->
        <test-method signature="userLogin()[pri:2, instance:com.qa.test.LoginTests@485966cc]" started-at="2021-01-03T17:14:47 IST" name="userLogin" finished-at="2021-01-03T17:14:50 IST" duration-ms="3198" status="PASS">
          <reporter-output>
          </reporter-output>
        </test-method> <!-- userLogin -->
      </class> <!-- com.qa.test.LoginTests -->
    </test> <!-- Test -->
  </suite> <!-- Suite -->
</testng-results>
